\BOOKMARK [1][-]{section.1}{Introduction}{}% 1
\BOOKMARK [1][-]{section.2}{Background}{}% 2
\BOOKMARK [2][-]{subsection.2.1}{Related studies}{section.2}% 3
\BOOKMARK [2][-]{subsection.2.2}{Evolution of Internet Architecture and Rise of hyper giants}{section.2}% 4
\BOOKMARK [2][-]{subsection.2.3}{Domain name System \(DNS\)}{section.2}% 5
\BOOKMARK [2][-]{subsection.2.4}{Hyper text transfer protocol\(HTTP\)}{section.2}% 6
\BOOKMARK [2][-]{subsection.2.5}{Conclusion}{section.2}% 7
\BOOKMARK [1][-]{section.3}{Methodology}{}% 8
\BOOKMARK [2][-]{subsection.3.1}{Identification of hyper giants}{section.3}% 9
\BOOKMARK [3][-]{subsubsection.3.1.1}{Hosting infrastructure to BGP Prefix Mapping}{subsection.3.1}% 10
\BOOKMARK [2][-]{subsection.3.2}{Clustering}{section.3}% 11
\BOOKMARK [3][-]{subsubsection.3.2.1}{Prefix Aggregation of hosting infrastructure}{subsection.3.2}% 12
\BOOKMARK [3][-]{subsubsection.3.2.2}{Evaluation of Similarity between two hosting infrastructure}{subsection.3.2}% 13
\BOOKMARK [3][-]{subsubsection.3.2.3}{Evaluation of hyper giants}{subsection.3.2}% 14
\BOOKMARK [2][-]{subsection.3.3}{Web objects delivered from hyper giants to popular web sites}{section.3}% 15
\BOOKMARK [2][-]{subsection.3.4}{Conclusion}{section.3}% 16
\BOOKMARK [1][-]{section.4}{Implementation}{}% 17
\BOOKMARK [2][-]{subsection.4.1}{Choice of programming language}{section.4}% 18
\BOOKMARK [2][-]{subsection.4.2}{Development Tools}{section.4}% 19
\BOOKMARK [2][-]{subsection.4.3}{Design of Crawler Engine}{section.4}% 20
\BOOKMARK [3][-]{subsubsection.4.3.1}{Crawler Engine}{subsection.4.3}% 21
\BOOKMARK [3][-]{subsubsection.4.3.2}{Scrapy Framework}{subsection.4.3}% 22
\BOOKMARK [3][-]{subsubsection.4.3.3}{Scrapy data types}{subsection.4.3}% 23
\BOOKMARK [2][-]{subsection.4.4}{Work flow}{section.4}% 24
\BOOKMARK [2][-]{subsection.4.5}{Conclusion}{section.4}% 25
\BOOKMARK [1][-]{section.5}{Measurement}{}% 26
\BOOKMARK [2][-]{subsection.5.1}{Web Crawling}{section.5}% 27
\BOOKMARK [2][-]{subsection.5.2}{Data Cleanup}{section.5}% 28
\BOOKMARK [2][-]{subsection.5.3}{Hosting infrastructure to BGP mapping}{section.5}% 29
\BOOKMARK [2][-]{subsection.5.4}{Clustering}{section.5}% 30
\BOOKMARK [2][-]{subsection.5.5}{Candidate Analysis for hyper giant}{section.5}% 31
\BOOKMARK [2][-]{subsection.5.6}{Collection of web objects}{section.5}% 32
\BOOKMARK [2][-]{subsection.5.7}{Conclusion}{section.5}% 33
\BOOKMARK [1][-]{section.6}{Results}{}% 34
\BOOKMARK [2][-]{subsection.6.1}{Identifying hyper giants}{section.6}% 35
\BOOKMARK [3][-]{subsubsection.6.1.1}{Conclusion}{subsection.6.1}% 36
\BOOKMARK [2][-]{subsection.6.2}{Popular websites dependency on hyper giants}{section.6}% 37
\BOOKMARK [3][-]{subsubsection.6.2.1}{Cumulative object type distribution in hyper giants}{subsection.6.2}% 38
\BOOKMARK [3][-]{subsubsection.6.2.2}{Individual object type distribution in hyper giants }{subsection.6.2}% 39
\BOOKMARK [3][-]{subsubsection.6.2.3}{Conclusion}{subsection.6.2}% 40
\BOOKMARK [1][-]{section.7}{Conclusion}{}% 41
\BOOKMARK [1][-]{section.8}{List of Acronyms}{}% 42
